<?xml version="1.0" encoding="UTF-8"?>
<testsuite name="com.example.berry_server.berry_server.BerryServerApplicationTests" tests="1" skipped="0" failures="0" errors="0" timestamp="2025-04-05T18:34:50.002Z" hostname="sangilui-MacBookPro.local" time="0.339">
  <properties/>
  <testcase name="contextLoads()" classname="com.example.berry_server.berry_server.BerryServerApplicationTests" time="0.339"/>
  <system-out><![CDATA[03:34:49.426 [Test worker] INFO org.springframework.test.context.support.AnnotationConfigContextLoaderUtils -- Could not detect default configuration classes for test class [com.example.berry_server.berry_server.BerryServerApplicationTests]: BerryServerApplicationTests does not declare any static, non-private, non-final, nested classes annotated with @Configuration.
03:34:49.466 [Test worker] INFO org.springframework.boot.test.context.SpringBootTestContextBootstrapper -- Found @SpringBootConfiguration com.example.berry_server.berry_server.BerryServerApplication for test class com.example.berry_server.berry_server.BerryServerApplicationTests

  .   ____          _            __ _ _
 /\\ / ___'_ __ _ _(_)_ __  __ _ \ \ \ \
( ( )\___ | '_ | '_| | '_ \/ _` | \ \ \ \
 \\/  ___)| |_)| | | | | || (_| |  ) ) ) )
  '  |____| .__|_| |_|_| |_\__, | / / / /
 =========|_|==============|___/=/_/_/_/

 :: Spring Boot ::                (v3.4.4)

2025-04-06T03:34:49.619+09:00  INFO 89858 --- [berry_server] [    Test worker] c.e.b.b.BerryServerApplicationTests      : Starting BerryServerApplicationTests using Java 17.0.9 with PID 89858 (started by sangillee in /Users/sangillee/Documents/GitHub/blueberry_server_homework)
2025-04-06T03:34:49.619+09:00  INFO 89858 --- [berry_server] [    Test worker] c.e.b.b.BerryServerApplicationTests      : No active profile set, falling back to 1 default profile: "default"
2025-04-06T03:34:49.997+09:00  INFO 89858 --- [berry_server] [    Test worker] c.e.b.b.BerryServerApplicationTests      : Started BerryServerApplicationTests in 0.478 seconds (process running for 0.873)
]]></system-out>
  <system-err><![CDATA[]]></system-err>
</testsuite>
